<?xml version="1.0" encoding="UTF-8"?>
<!-- Generated by org.testng.reporters.JUnitReportReporter -->
<testsuite hostname="MacBook-Pro.local" failures="0" tests="1" name="TC002_POST_Request" time="2.950" errors="0" timestamp="2021-01-17T20:48:57 PST" skipped="0">
  <testcase classname="TC002_POST_Request" name="createuserDetails" time="2.950"/>
  <system-out/>
</testsuite> <!-- TC002_POST_Request -->
