<?xml version="1.0" encoding="UTF-8"?>
<!-- Generated by org.testng.reporters.JUnitReportReporter -->
<testsuite hostname="MacBook-Pro.local" failures="0" tests="1" name="TC001_GET_Request" time="2.749" errors="0" timestamp="2021-01-17T20:19:13 PST" skipped="0">
  <testcase classname="TC001_GET_Request" name="getuserDetails" time="2.749"/>
  <system-out/>
</testsuite> <!-- TC001_GET_Request -->
